<?xml version="1.0" encoding="UTF-8"?>
<!-- Generated by org.testng.reporters.JUnitReportReporter -->
<testsuite skipped="0" hostname="DESKTOP-HRAE54G" name="scripts._06_RadioButtonTest" tests="1" failures="0" timestamp="03 Jun 2022 00:28:05 GMT" time="14.853" errors="0">
  <testcase name="testFacebookGenderRadioButtons" time="14.853" classname="scripts._06_RadioButtonTest"/>
</testsuite> <!-- scripts._06_RadioButtonTest -->
