<?xml version="1.0" encoding="UTF-8"?>
<!-- Generated by org.testng.reporters.JUnitReportReporter -->
<testsuite skipped="0" hostname="DESKTOP-HRAE54G" name="scripts._05_CheckBoxTest" tests="1" failures="0" timestamp="03 Jun 2022 00:28:05 GMT" time="14.422" errors="0">
  <testcase name="testCheckBoxInHeroApp" time="14.422" classname="scripts._05_CheckBoxTest"/>
</testsuite> <!-- scripts._05_CheckBoxTest -->
