<?xml version="1.0" encoding="UTF-8"?>
<!-- Generated by org.testng.reporters.JUnitReportReporter -->
<testsuite skipped="0" hostname="DESKTOP-HRAE54G" name="scripts._04_GoogleSearchTest" tests="1" failures="0" timestamp="03 Jun 2022 00:28:05 GMT" time="8.902" errors="0">
  <testcase name="testGoogleSearch" time="8.902" classname="scripts._04_GoogleSearchTest"/>
</testsuite> <!-- scripts._04_GoogleSearchTest -->
