<?xml version="1.0" encoding="UTF-8"?>
<!-- Generated by org.testng.reporters.JUnitReportReporter -->
<testsuite skipped="0" hostname="DESKTOP-HRAE54G" name="scripts._02_TechGlobalTest" tests="1" failures="0" timestamp="03 Jun 2022 00:28:05 GMT" time="8.077" errors="0">
  <testcase name="testApplicationFormHeading" time="8.077" classname="scripts._02_TechGlobalTest"/>
</testsuite> <!-- scripts._02_TechGlobalTest -->
