<?xml version="1.0" encoding="UTF-8"?>
<!-- Generated by org.testng.reporters.JUnitReportReporter -->
<testsuite skipped="0" hostname="DESKTOP-HRAE54G" name="scripts._07_DropdownTest" tests="1" failures="0" timestamp="03 Jun 2022 00:28:05 GMT" time="10.867" errors="0">
  <testcase name="testUnsecurePasswordErrorMessage" time="10.867" classname="scripts._07_DropdownTest"/>
</testsuite> <!-- scripts._07_DropdownTest -->
