<?xml version="1.0" encoding="UTF-8"?>
<!-- Generated by org.testng.reporters.JUnitReportReporter -->
<testsuite skipped="0" hostname="DESKTOP-HRAE54G" name="scripts._03_EtsyTest" tests="1" failures="0" timestamp="03 Jun 2022 00:28:05 GMT" time="10.368" errors="0">
  <testcase name="testEtsyLogo" time="10.368" classname="scripts._03_EtsyTest"/>
</testsuite> <!-- scripts._03_EtsyTest -->
