<?xml version="1.0" encoding="UTF-8"?>
<!-- Generated by org.testng.reporters.JUnitReportReporter -->
<testsuite skipped="1" hostname="DESKTOP-HRAE54G" name="scripts._01_AppleTest" tests="3" failures="0" timestamp="03 Jun 2022 00:28:05 GMT" time="13.370" errors="0">
  <testcase name="testAppleTitle" time="6.841" classname="scripts._01_AppleTest"/>
  <testcase name="testAppleURL" time="6.529" classname="scripts._01_AppleTest"/>
  <testcase name="X" classname="scripts._01_AppleTest">
    <skipped/>
  </testcase> <!-- X -->
</testsuite> <!-- scripts._01_AppleTest -->
